2026-03-28 17:43:56,906 : INFO : root : Loading config.
2026-03-28 17:43:56,963 : INFO : ConfigProcessor : Config spec file cache created: C:\Users\reg-work\AppData\Local\Temp\config_spec.mpf_cache
2026-03-28 17:43:56,964 : INFO : YamlMultifileConfigLoader : Machine config file #1: config.yaml
2026-03-28 17:43:56,964 : INFO : ConfigProcessor : Loading config from file C:\Users\reg-work\mpf\Lib\site-packages\mpf\mpfconfig.yaml.
2026-03-28 17:43:56,989 : INFO : ConfigProcessor : Loading config: C:\Users\reg-work\mpf\Lib\site-packages\mpf\mpfconfig.yaml
2026-03-28 17:43:56,989 : INFO : ConfigProcessor : Loading config from file C:\Users\reg-work\desktop\asm67\config\config.yaml.
2026-03-28 17:43:56,999 : INFO : ConfigProcessor : Loading config: C:\Users\reg-work\desktop\asm67\config\config.yaml
2026-03-28 17:43:57,000 : INFO : ConfigProcessor : Config file cache created: C:\Users\reg-work\AppData\Local\Temp\5a49c72b06dfb0b82aeb3ad4b521653b.mpf_cache
2026-03-28 17:43:57,102 : INFO : ConfigProcessor : Loading config from file C:\Users\reg-work\mpf\Lib\site-packages\mpf\modes\attract\config\attract.yaml.
2026-03-28 17:43:57,110 : INFO : ConfigProcessor : Loading config: C:\Users\reg-work\mpf\Lib\site-packages\mpf\modes\attract\config\attract.yaml
2026-03-28 17:43:57,110 : INFO : ConfigProcessor : Loading config from file C:\Users\reg-work\desktop\asm67\modes\attract\config\attract.yaml.
2026-03-28 17:43:57,120 : INFO : ConfigProcessor : Loading config: C:\Users\reg-work\desktop\asm67\modes\attract\config\attract.yaml
2026-03-28 17:43:57,120 : INFO : ConfigProcessor : Config file cache created: C:\Users\reg-work\AppData\Local\Temp\5f2f5970ba5aec971256ee8234b4744e.mpf_cache
2026-03-28 17:43:57,122 : INFO : ConfigProcessor : Loading config from file C:\Users\reg-work\mpf\Lib\site-packages\mpf\modes\game\config\game.yaml.
2026-03-28 17:43:57,138 : INFO : ConfigProcessor : Loading config: C:\Users\reg-work\mpf\Lib\site-packages\mpf\modes\game\config\game.yaml
2026-03-28 17:43:57,139 : INFO : ConfigProcessor : Config file cache created: C:\Users\reg-work\AppData\Local\Temp\97f3547dc1d6db08c59ea080063019b8.mpf_cache
2026-03-28 17:43:57,140 : INFO : ConfigProcessor : Loading config from cache: C:\Users\reg-work\AppData\Local\Temp\5f2f5970ba5aec971256ee8234b4744e.mpf_cache
2026-03-28 17:43:57,162 : INFO : ConfigProcessor : Loading config from file C:\Users\reg-work\desktop\asm67\modes\base\config\base.yaml.
2026-03-28 17:43:57,177 : INFO : ConfigProcessor : Loading config: C:\Users\reg-work\desktop\asm67\modes\base\config\base.yaml
2026-03-28 17:43:57,178 : INFO : ConfigProcessor : Config file cache created: C:\Users\reg-work\AppData\Local\Temp\378870beac8523a65c197b353887e90e.mpf_cache
2026-03-28 17:43:57,179 : INFO : Machine : Mission Pinball Framework Core Engine v0.80.0.dev13
2026-03-28 17:43:57,179 : INFO : Machine : Command line arguments: {'no_load_cache': False, 'create_config_cache': True, 'bcp': False, 'configfile': ['config.yaml'], 'force_assets_load': False, 'platform_integration_test': False, 'jsonlogging': False, 'logfile': 'logs\\2026-03-28-17-43-56-mpf-LAPTOP-5JHKLGCC.log', 'pause': False, 'production': False, 'text_ui': False, 'loglevel': 15, 'consoleloglevel': 20, 'force_platform': 'virtual', 'syslog_address': None, 'full_logfile_path': 'C:\\Users\\reg-work\\desktop\\asm67\\logs\\2026-03-28-17-43-56-mpf-LAPTOP-5JHKLGCC.log'}
2026-03-28 17:43:57,179 : INFO : Machine : MPF path: C:\Users\reg-work\mpf\Lib\site-packages\mpf
2026-03-28 17:43:57,179 : INFO : Machine : Machine path: C:\Users\reg-work\desktop\asm67
2026-03-28 17:43:57,179 : INFO : Machine : Platform: win32
2026-03-28 17:43:57,179 : INFO : Machine : Python executable location: C:\Users\reg-work\mpf\Scripts\python.exe
2026-03-28 17:43:57,179 : INFO : Machine : Python version: 3.12.8 (64-bit)
2026-03-28 17:43:57,182 : INFO : Machine : Initializing MPF...
2026-03-28 17:43:57,456 : INFO : EventManager : Event: ======'machine_var_credits_string'====== Args={'value': 'FREE PLAY', 'prev_value': None, 'change': True}
2026-03-28 17:43:57,485 : INFO : EventManager : Event: ======'machine_var_master_volume'====== Args={'value': 0.5, 'prev_value': None, 'change': True}
2026-03-28 17:43:57,486 : INFO : EventManager : Event: ======'machine_var_mpf_version'====== Args={'value': 'Mission Pinball Framework v0.80.0.dev13', 'prev_value': None, 'change': True}
2026-03-28 17:43:57,486 : INFO : EventManager : Event: ======'machine_var_mpf_extended_version'====== Args={'value': 'Mission Pinball Framework v0.80.0.dev13, Config version:6, Show version: 6, BCP version:1.1', 'prev_value': None, 'change': True}
2026-03-28 17:43:57,486 : INFO : EventManager : Event: ======'machine_var_python_version'====== Args={'value': '3.12.8', 'prev_value': None, 'change': True}
2026-03-28 17:43:57,580 : INFO : EventManager : Event: ======'machine_var_platform'====== Args={'value': 'Windows-10-10.0.19045-SP0', 'prev_value': None, 'change': True}
2026-03-28 17:43:57,580 : INFO : EventManager : Event: ======'machine_var_platform_system'====== Args={'value': 'Windows', 'prev_value': None, 'change': True}
2026-03-28 17:43:57,580 : INFO : EventManager : Event: ======'machine_var_platform_release'====== Args={'value': '10', 'prev_value': None, 'change': True}
2026-03-28 17:43:57,581 : INFO : EventManager : Event: ======'machine_var_platform_version'====== Args={'value': '10.0.19045', 'prev_value': None, 'change': True}
2026-03-28 17:43:57,581 : INFO : EventManager : Event: ======'machine_var_platform_machine'====== Args={'value': 'AMD64', 'prev_value': None, 'change': True}
2026-03-28 17:43:57,581 : INFO : EventManager : Event: ======'machine_var_log_file_path'====== Args={'value': 'C:\\Users\\reg-work\\desktop\\asm67\\logs\\2026-03-28-17-43-56-mpf-LAPTOP-5JHKLGCC.log', 'prev_value': None, 'change': True}
2026-03-28 17:43:57,581 : INFO : EventManager : Event: ======'init_phase_1'====== Args={}
2026-03-28 17:43:57,592 : INFO : EventManager : Event: ======'init_phase_2'====== Args={}
2026-03-28 17:43:57,603 : INFO : EventManager : Event: ======'init_phase_3'====== Args={}
2026-03-28 17:43:57,606 : INFO : EventManager : Event: ======'init_phase_4'====== Args={}
2026-03-28 17:43:57,607 : INFO : EventManager : Event: ======'machine_var_audits_events_game_started'====== Args={'value': 0, 'prev_value': None, 'change': True}
2026-03-28 17:43:57,607 : INFO : EventManager : Event: ======'machine_var_audits_events_game_ended'====== Args={'value': 0, 'prev_value': None, 'change': True}
2026-03-28 17:43:57,607 : INFO : EventManager : Event: ======'machine_var_audits_player_score'====== Args={'value': {'top': [], 'average': 0, 'total': 0}, 'prev_value': None, 'change': True}
2026-03-28 17:43:57,608 : INFO : EventManager : Event: ======'init_phase_5'====== Args={}
2026-03-28 17:43:57,608 : INFO : EventManager : Event: ======'init_done'====== Args={}
2026-03-28 17:43:57,608 : INFO : EventManager : Event: ======'machine_reset_phase_1'====== Args={}
2026-03-28 17:43:57,608 : INFO : EventManager : Event: ======'machine_reset_phase_2'====== Args={}
2026-03-28 17:43:57,608 : INFO : EventManager : Event: ======'machine_reset_phase_3'====== Args={}
2026-03-28 17:43:57,609 : INFO : EventManager : Event: ======'reset_complete'====== Args={}
2026-03-28 17:43:57,609 : INFO : EventManager : Event: ======'mode_attract_will_start'====== Args={}
2026-03-28 17:43:57,609 : INFO : EventManager : Event: ======'mode_attract_starting'====== Args={}
2026-03-28 17:43:57,611 : INFO : Mode.attract : Started. Priority: 10
2026-03-28 17:43:57,611 : INFO : EventManager : Event: ======'modes_active_modes_changed'====== Args={}
2026-03-28 17:43:57,611 : INFO : EventManager : Event: ======'mode_attract_started'====== Args={}
2026-03-28 17:43:57,611 : INFO : EventManager : Event: ======'collecting_balls_complete'====== Args={}
2026-03-28 17:43:57,611 : INFO : Machine : Starting the main run loop with active modes: [<Mode.attract>]
2026-03-28 17:44:20,340 : INFO : Machine : Shutting down...
2026-03-28 17:44:20,340 : INFO : EventManager : Event: ======'shutdown'====== Args={}
2026-03-28 17:44:20,350 : INFO : root : MPF run loop ended.
